0 info it worked if it ends with ok
1 verbose cli [ 'node',
1 verbose cli   '/usr/local/bin/npm',
1 verbose cli   'install',
1 verbose cli   '--save-dev',
1 verbose cli   'contantinople' ]
2 info using npm@1.4.28
3 info using node@v0.10.32
4 warn package.json xcomponents@1.0.0 No description
5 warn package.json xcomponents@1.0.0 No repository field.
6 warn package.json xcomponents@1.0.0 No README data
7 verbose readDependencies using package.json deps
8 verbose cache add [ 'contantinople', null ]
9 verbose cache add name=undefined spec="contantinople" args=["contantinople",null]
10 verbose parsed url { protocol: null,
10 verbose parsed url   slashes: null,
10 verbose parsed url   auth: null,
10 verbose parsed url   host: null,
10 verbose parsed url   port: null,
10 verbose parsed url   hostname: null,
10 verbose parsed url   hash: null,
10 verbose parsed url   search: null,
10 verbose parsed url   query: null,
10 verbose parsed url   pathname: 'contantinople',
10 verbose parsed url   path: 'contantinople',
10 verbose parsed url   href: 'contantinople' }
11 silly lockFile c04f494e-contantinople contantinople
12 verbose lock contantinople /Users/markleusink/.npm/c04f494e-contantinople.lock
13 silly lockFile c04f494e-contantinople contantinople
14 silly lockFile c04f494e-contantinople contantinople
15 verbose addNamed [ 'contantinople', '' ]
16 verbose addNamed [ null, '*' ]
17 silly lockFile 2b29b3bc-contantinople contantinople@
18 verbose lock contantinople@ /Users/markleusink/.npm/2b29b3bc-contantinople.lock
19 silly addNameRange { name: 'contantinople', range: '*', hasData: false }
20 verbose request where is /contantinople
21 verbose request registry https://registry.npmjs.org/
22 verbose request id db3218f6d31a88c7
23 verbose url raw /contantinople
24 verbose url resolving [ 'https://registry.npmjs.org/', './contantinople' ]
25 verbose url resolved https://registry.npmjs.org/contantinople
26 verbose request where is https://registry.npmjs.org/contantinople
27 info trying registry request attempt 1 at 14:28:29
28 http GET https://registry.npmjs.org/contantinople
29 http 404 https://registry.npmjs.org/contantinople
30 verbose headers { date: 'Tue, 16 Dec 2014 13:28:29 GMT',
30 verbose headers   server: 'CouchDB/1.5.0 (Erlang OTP/R16B03)',
30 verbose headers   'content-type': 'application/json',
30 verbose headers   'cache-control': 'max-age=0',
30 verbose headers   'content-length': '52',
30 verbose headers   'accept-ranges': 'bytes',
30 verbose headers   via: '1.1 varnish',
30 verbose headers   age: '0',
30 verbose headers   'x-served-by': 'cache-ams4143-AMS',
30 verbose headers   'x-cache': 'MISS',
30 verbose headers   'x-cache-hits': '0',
30 verbose headers   'x-timer': 'S1418736509.220656,VS0,VE92',
30 verbose headers   'keep-alive': 'timeout=10, max=50',
30 verbose headers   connection: 'Keep-Alive' }
31 silly registry.get cb [ 404,
31 silly registry.get   { date: 'Tue, 16 Dec 2014 13:28:29 GMT',
31 silly registry.get     server: 'CouchDB/1.5.0 (Erlang OTP/R16B03)',
31 silly registry.get     'content-type': 'application/json',
31 silly registry.get     'cache-control': 'max-age=0',
31 silly registry.get     'content-length': '52',
31 silly registry.get     'accept-ranges': 'bytes',
31 silly registry.get     via: '1.1 varnish',
31 silly registry.get     age: '0',
31 silly registry.get     'x-served-by': 'cache-ams4143-AMS',
31 silly registry.get     'x-cache': 'MISS',
31 silly registry.get     'x-cache-hits': '0',
31 silly registry.get     'x-timer': 'S1418736509.220656,VS0,VE92',
31 silly registry.get     'keep-alive': 'timeout=10, max=50',
31 silly registry.get     connection: 'Keep-Alive' } ]
32 silly lockFile 2b29b3bc-contantinople contantinople@
33 silly lockFile 2b29b3bc-contantinople contantinople@
34 error 404 404 Not Found: contantinople
34 error 404
34 error 404 'contantinople' is not in the npm registry.
34 error 404 You should bug the author to publish it
34 error 404 It was specified as a dependency of 'xcomponents'
34 error 404
34 error 404 Note that you can also install from a
34 error 404 tarball, folder, or http url, or git url.
35 error System Darwin 14.0.0
36 error command "node" "/usr/local/bin/npm" "install" "--save-dev" "contantinople"
37 error cwd /Users/markleusink/projects/xcomponents/loopback/client/xcomponents
38 error node -v v0.10.32
39 error npm -v 1.4.28
40 error code E404
41 verbose exit [ 1, true ]
